11:30:28.363 logback [main] DEBUG t.m.m.a.MapperAutoConfiguration - Searching for mappers annotated with @Mapper
11:30:28.376 logback [main] DEBUG t.m.m.a.MapperAutoConfiguration - Using auto-configuration base package 'com.self.miniapp'
11:30:28.379 logback [main] WARN  t.m.s.mapper.ClassPathMapperScanner - No MyBatis mapper was found in '[com.self.miniapp]' package. Please check your configuration.
11:30:28.403 logback [main] WARN  o.m.s.mapper.ClassPathMapperScanner - No MyBatis mapper was found in '[com.self.miniapp]' package. Please check your configuration.
11:30:29.387 logback [main] INFO  o.s.s.c.ThreadPoolTaskExecutor - Initializing ExecutorService 'applicationTaskExecutor'
11:30:29.819 logback [main] INFO  c.a.d.s.b.a.DruidDataSourceAutoConfigure - Init DruidDataSource
11:30:29.969 logback [main] INFO  c.alibaba.druid.pool.DruidDataSource - {dataSource-1} inited
11:30:30.005 logback [main] DEBUG t.m.m.a.MapperAutoConfiguration - No org.mybatis.spring.mapper.MapperFactoryBean found.
11:30:30.822 logback [Thread-2] INFO  c.alibaba.druid.pool.DruidDataSource - {dataSource-1} closed
11:30:30.824 logback [Thread-2] INFO  o.s.s.c.ThreadPoolTaskExecutor - Shutting down ExecutorService 'applicationTaskExecutor'
13:49:36.271 logback [main] DEBUG t.m.s.mapper.ClassPathMapperScanner - Identified candidate component class: file [D:\JavaProject\miniapp\target\classes\com\self\miniapp\mapper\HouseDetailMapper.class]
13:49:36.282 logback [main] DEBUG t.m.s.mapper.ClassPathMapperScanner - Identified candidate component class: file [D:\JavaProject\miniapp\target\classes\com\self\miniapp\mapper\HouseMapper.class]
13:49:36.282 logback [main] DEBUG t.m.s.mapper.ClassPathMapperScanner - Identified candidate component class: file [D:\JavaProject\miniapp\target\classes\com\self\miniapp\mapper\HousePictureMapper.class]
13:49:36.283 logback [main] DEBUG t.m.s.mapper.ClassPathMapperScanner - Identified candidate component class: file [D:\JavaProject\miniapp\target\classes\com\self\miniapp\mapper\HouseSubscribeMapper.class]
13:49:36.283 logback [main] DEBUG t.m.s.mapper.ClassPathMapperScanner - Identified candidate component class: file [D:\JavaProject\miniapp\target\classes\com\self\miniapp\mapper\HouseTagMapper.class]
13:49:36.283 logback [main] DEBUG t.m.s.mapper.ClassPathMapperScanner - Identified candidate component class: file [D:\JavaProject\miniapp\target\classes\com\self\miniapp\mapper\RoleMapper.class]
13:49:36.283 logback [main] DEBUG t.m.s.mapper.ClassPathMapperScanner - Identified candidate component class: file [D:\JavaProject\miniapp\target\classes\com\self\miniapp\mapper\SubwayMapper.class]
13:49:36.283 logback [main] DEBUG t.m.s.mapper.ClassPathMapperScanner - Identified candidate component class: file [D:\JavaProject\miniapp\target\classes\com\self\miniapp\mapper\SubwayStationMapper.class]
13:49:36.283 logback [main] DEBUG t.m.s.mapper.ClassPathMapperScanner - Identified candidate component class: file [D:\JavaProject\miniapp\target\classes\com\self\miniapp\mapper\SupportAddressMapper.class]
13:49:36.283 logback [main] DEBUG t.m.s.mapper.ClassPathMapperScanner - Identified candidate component class: file [D:\JavaProject\miniapp\target\classes\com\self\miniapp\mapper\UserMapper.class]
13:49:36.284 logback [main] DEBUG t.m.s.mapper.ClassPathMapperScanner - Creating MapperFactoryBean with name 'houseDetailMapper' and 'com.self.miniapp.mapper.HouseDetailMapper' mapperInterface
13:49:36.284 logback [main] DEBUG t.m.s.mapper.ClassPathMapperScanner - Enabling autowire by type for MapperFactoryBean with name 'houseDetailMapper'.
13:49:36.284 logback [main] DEBUG t.m.s.mapper.ClassPathMapperScanner - Creating MapperFactoryBean with name 'houseMapper' and 'com.self.miniapp.mapper.HouseMapper' mapperInterface
13:49:36.284 logback [main] DEBUG t.m.s.mapper.ClassPathMapperScanner - Enabling autowire by type for MapperFactoryBean with name 'houseMapper'.
13:49:36.284 logback [main] DEBUG t.m.s.mapper.ClassPathMapperScanner - Creating MapperFactoryBean with name 'housePictureMapper' and 'com.self.miniapp.mapper.HousePictureMapper' mapperInterface
13:49:36.284 logback [main] DEBUG t.m.s.mapper.ClassPathMapperScanner - Enabling autowire by type for MapperFactoryBean with name 'housePictureMapper'.
13:49:36.284 logback [main] DEBUG t.m.s.mapper.ClassPathMapperScanner - Creating MapperFactoryBean with name 'houseSubscribeMapper' and 'com.self.miniapp.mapper.HouseSubscribeMapper' mapperInterface
13:49:36.284 logback [main] DEBUG t.m.s.mapper.ClassPathMapperScanner - Enabling autowire by type for MapperFactoryBean with name 'houseSubscribeMapper'.
13:49:36.284 logback [main] DEBUG t.m.s.mapper.ClassPathMapperScanner - Creating MapperFactoryBean with name 'houseTagMapper' and 'com.self.miniapp.mapper.HouseTagMapper' mapperInterface
13:49:36.284 logback [main] DEBUG t.m.s.mapper.ClassPathMapperScanner - Enabling autowire by type for MapperFactoryBean with name 'houseTagMapper'.
13:49:36.285 logback [main] DEBUG t.m.s.mapper.ClassPathMapperScanner - Creating MapperFactoryBean with name 'roleMapper' and 'com.self.miniapp.mapper.RoleMapper' mapperInterface
13:49:36.285 logback [main] DEBUG t.m.s.mapper.ClassPathMapperScanner - Enabling autowire by type for MapperFactoryBean with name 'roleMapper'.
13:49:36.285 logback [main] DEBUG t.m.s.mapper.ClassPathMapperScanner - Creating MapperFactoryBean with name 'subwayMapper' and 'com.self.miniapp.mapper.SubwayMapper' mapperInterface
13:49:36.285 logback [main] DEBUG t.m.s.mapper.ClassPathMapperScanner - Enabling autowire by type for MapperFactoryBean with name 'subwayMapper'.
13:49:36.285 logback [main] DEBUG t.m.s.mapper.ClassPathMapperScanner - Creating MapperFactoryBean with name 'subwayStationMapper' and 'com.self.miniapp.mapper.SubwayStationMapper' mapperInterface
13:49:36.285 logback [main] DEBUG t.m.s.mapper.ClassPathMapperScanner - Enabling autowire by type for MapperFactoryBean with name 'subwayStationMapper'.
13:49:36.285 logback [main] DEBUG t.m.s.mapper.ClassPathMapperScanner - Creating MapperFactoryBean with name 'supportAddressMapper' and 'com.self.miniapp.mapper.SupportAddressMapper' mapperInterface
13:49:36.285 logback [main] DEBUG t.m.s.mapper.ClassPathMapperScanner - Enabling autowire by type for MapperFactoryBean with name 'supportAddressMapper'.
13:49:36.285 logback [main] DEBUG t.m.s.mapper.ClassPathMapperScanner - Creating MapperFactoryBean with name 'userMapper' and 'com.self.miniapp.mapper.UserMapper' mapperInterface
13:49:36.285 logback [main] DEBUG t.m.s.mapper.ClassPathMapperScanner - Enabling autowire by type for MapperFactoryBean with name 'userMapper'.
13:49:37.096 logback [main] INFO  o.s.b.w.e.tomcat.TomcatWebServer - Tomcat initialized with port(s): 8080 (http)
13:49:37.107 logback [main] INFO  o.a.coyote.http11.Http11NioProtocol - Initializing ProtocolHandler ["http-nio-8080"]
13:49:37.114 logback [main] INFO  o.a.catalina.core.StandardService - Starting service [Tomcat]
13:49:37.114 logback [main] INFO  o.a.catalina.core.StandardEngine - Starting Servlet Engine: Apache Tomcat/9.0.13
13:49:37.120 logback [main] INFO  o.a.c.core.AprLifecycleListener - The APR based Apache Tomcat Native library which allows optimal performance in production environments was not found on the java.library.path: [C:\Program Files\Java\jdk1.8.0_191\bin;C:\Windows\Sun\Java\bin;C:\Windows\system32;C:\Windows;E:\app\14649\product\11.2.0\dbhome_1\bin;C:\Program Files (x86)\Common Files\Oracle\Java\javapath;C:\Program Files (x86)\Intel\Intel(R) Management Engine Components\iCLS\;C:\Program Files\Intel\Intel(R) Management Engine Components\iCLS\;C:\Windows\system32;C:\Windows;C:\Windows\System32\Wbem;C:\Windows\System32\WindowsPowerShell\v1.0\;C:\Windows\System32\OpenSSH\;C:\Program Files (x86)\Intel\Intel(R) Management Engine Components\DAL;C:\Program Files\Intel\Intel(R) Management Engine Components\DAL;C:\Program Files (x86)\Intel\Intel(R) Management Engine Components\IPT;C:\Program Files\Intel\Intel(R) Management Engine Components\IPT;"D:\TrackAO\jdk1.6\bin;D:\TrackAO\jdk1.6\jre\bin";D:\developUtil\maven\apache-maven-3.5.4\bin;"D:\developUtil\tomcat8\apache-tomcat-8.5.34\lib;D:\developUtil\tomcat8\apache-tomcat-8.5.34\bin";D:\developUtil\Git\cmd;D:\developUtil\cvsnt;D:\developUtil\node.js\;C:\Users\14649\AppData\Local\Microsoft\WindowsApps;D:\developUtil\node.js\node_global;C:\Users\14649\AppData\Local\GitHubDesktop\bin;.]
13:49:37.371 logback [main] INFO  o.a.c.c.C.[Tomcat].[localhost].[/] - Initializing Spring embedded WebApplicationContext
13:49:37.371 logback [main] INFO  o.s.web.context.ContextLoader - Root WebApplicationContext: initialization completed in 1787 ms
13:49:37.475 logback [main] INFO  c.a.d.s.b.a.DruidDataSourceAutoConfigure - Init DruidDataSource
13:49:39.551 logback [main] INFO  c.alibaba.druid.pool.DruidDataSource - {dataSource-1} inited
13:49:40.486 logback [main] INFO  o.s.s.c.ThreadPoolTaskExecutor - Initializing ExecutorService 'applicationTaskExecutor'
13:49:40.841 logback [main] INFO  o.a.coyote.http11.Http11NioProtocol - Starting ProtocolHandler ["http-nio-8080"]
13:49:40.851 logback [main] INFO  o.a.tomcat.util.net.NioSelectorPool - Using a shared selector for servlet write/read
13:49:40.864 logback [main] INFO  o.s.b.w.e.tomcat.TomcatWebServer - Tomcat started on port(s): 8080 (http) with context path ''
13:50:06.164 logback [http-nio-8080-exec-1] INFO  o.a.c.c.C.[Tomcat].[localhost].[/] - Initializing Spring DispatcherServlet 'dispatcherServlet'
13:50:06.164 logback [http-nio-8080-exec-1] INFO  o.s.web.servlet.DispatcherServlet - Initializing Servlet 'dispatcherServlet'
13:50:06.171 logback [http-nio-8080-exec-1] INFO  o.s.web.servlet.DispatcherServlet - Completed initialization in 7 ms
13:50:59.148 logback [main] DEBUG t.m.s.mapper.ClassPathMapperScanner - Identified candidate component class: file [D:\JavaProject\miniapp\target\classes\com\self\miniapp\mapper\HouseDetailMapper.class]
13:50:59.149 logback [main] DEBUG t.m.s.mapper.ClassPathMapperScanner - Identified candidate component class: file [D:\JavaProject\miniapp\target\classes\com\self\miniapp\mapper\HouseMapper.class]
13:50:59.149 logback [main] DEBUG t.m.s.mapper.ClassPathMapperScanner - Identified candidate component class: file [D:\JavaProject\miniapp\target\classes\com\self\miniapp\mapper\HousePictureMapper.class]
13:50:59.149 logback [main] DEBUG t.m.s.mapper.ClassPathMapperScanner - Identified candidate component class: file [D:\JavaProject\miniapp\target\classes\com\self\miniapp\mapper\HouseSubscribeMapper.class]
13:50:59.149 logback [main] DEBUG t.m.s.mapper.ClassPathMapperScanner - Identified candidate component class: file [D:\JavaProject\miniapp\target\classes\com\self\miniapp\mapper\HouseTagMapper.class]
13:50:59.149 logback [main] DEBUG t.m.s.mapper.ClassPathMapperScanner - Identified candidate component class: file [D:\JavaProject\miniapp\target\classes\com\self\miniapp\mapper\RoleMapper.class]
13:50:59.149 logback [main] DEBUG t.m.s.mapper.ClassPathMapperScanner - Identified candidate component class: file [D:\JavaProject\miniapp\target\classes\com\self\miniapp\mapper\SubwayMapper.class]
13:50:59.149 logback [main] DEBUG t.m.s.mapper.ClassPathMapperScanner - Identified candidate component class: file [D:\JavaProject\miniapp\target\classes\com\self\miniapp\mapper\SubwayStationMapper.class]
13:50:59.150 logback [main] DEBUG t.m.s.mapper.ClassPathMapperScanner - Identified candidate component class: file [D:\JavaProject\miniapp\target\classes\com\self\miniapp\mapper\SupportAddressMapper.class]
13:50:59.150 logback [main] DEBUG t.m.s.mapper.ClassPathMapperScanner - Identified candidate component class: file [D:\JavaProject\miniapp\target\classes\com\self\miniapp\mapper\UserMapper.class]
13:50:59.150 logback [main] DEBUG t.m.s.mapper.ClassPathMapperScanner - Creating MapperFactoryBean with name 'houseDetailMapper' and 'com.self.miniapp.mapper.HouseDetailMapper' mapperInterface
13:50:59.150 logback [main] DEBUG t.m.s.mapper.ClassPathMapperScanner - Enabling autowire by type for MapperFactoryBean with name 'houseDetailMapper'.
13:50:59.150 logback [main] DEBUG t.m.s.mapper.ClassPathMapperScanner - Creating MapperFactoryBean with name 'houseMapper' and 'com.self.miniapp.mapper.HouseMapper' mapperInterface
13:50:59.150 logback [main] DEBUG t.m.s.mapper.ClassPathMapperScanner - Enabling autowire by type for MapperFactoryBean with name 'houseMapper'.
13:50:59.150 logback [main] DEBUG t.m.s.mapper.ClassPathMapperScanner - Creating MapperFactoryBean with name 'housePictureMapper' and 'com.self.miniapp.mapper.HousePictureMapper' mapperInterface
13:50:59.151 logback [main] DEBUG t.m.s.mapper.ClassPathMapperScanner - Enabling autowire by type for MapperFactoryBean with name 'housePictureMapper'.
13:50:59.151 logback [main] DEBUG t.m.s.mapper.ClassPathMapperScanner - Creating MapperFactoryBean with name 'houseSubscribeMapper' and 'com.self.miniapp.mapper.HouseSubscribeMapper' mapperInterface
13:50:59.151 logback [main] DEBUG t.m.s.mapper.ClassPathMapperScanner - Enabling autowire by type for MapperFactoryBean with name 'houseSubscribeMapper'.
13:50:59.151 logback [main] DEBUG t.m.s.mapper.ClassPathMapperScanner - Creating MapperFactoryBean with name 'houseTagMapper' and 'com.self.miniapp.mapper.HouseTagMapper' mapperInterface
13:50:59.151 logback [main] DEBUG t.m.s.mapper.ClassPathMapperScanner - Enabling autowire by type for MapperFactoryBean with name 'houseTagMapper'.
13:50:59.151 logback [main] DEBUG t.m.s.mapper.ClassPathMapperScanner - Creating MapperFactoryBean with name 'roleMapper' and 'com.self.miniapp.mapper.RoleMapper' mapperInterface
13:50:59.151 logback [main] DEBUG t.m.s.mapper.ClassPathMapperScanner - Enabling autowire by type for MapperFactoryBean with name 'roleMapper'.
13:50:59.151 logback [main] DEBUG t.m.s.mapper.ClassPathMapperScanner - Creating MapperFactoryBean with name 'subwayMapper' and 'com.self.miniapp.mapper.SubwayMapper' mapperInterface
13:50:59.153 logback [main] DEBUG t.m.s.mapper.ClassPathMapperScanner - Enabling autowire by type for MapperFactoryBean with name 'subwayMapper'.
13:50:59.153 logback [main] DEBUG t.m.s.mapper.ClassPathMapperScanner - Creating MapperFactoryBean with name 'subwayStationMapper' and 'com.self.miniapp.mapper.SubwayStationMapper' mapperInterface
13:50:59.153 logback [main] DEBUG t.m.s.mapper.ClassPathMapperScanner - Enabling autowire by type for MapperFactoryBean with name 'subwayStationMapper'.
13:50:59.153 logback [main] DEBUG t.m.s.mapper.ClassPathMapperScanner - Creating MapperFactoryBean with name 'supportAddressMapper' and 'com.self.miniapp.mapper.SupportAddressMapper' mapperInterface
13:50:59.153 logback [main] DEBUG t.m.s.mapper.ClassPathMapperScanner - Enabling autowire by type for MapperFactoryBean with name 'supportAddressMapper'.
13:50:59.153 logback [main] DEBUG t.m.s.mapper.ClassPathMapperScanner - Creating MapperFactoryBean with name 'userMapper' and 'com.self.miniapp.mapper.UserMapper' mapperInterface
13:50:59.153 logback [main] DEBUG t.m.s.mapper.ClassPathMapperScanner - Enabling autowire by type for MapperFactoryBean with name 'userMapper'.
13:50:59.878 logback [main] INFO  o.s.b.w.e.tomcat.TomcatWebServer - Tomcat initialized with port(s): 8080 (http)
13:50:59.886 logback [main] INFO  o.a.coyote.http11.Http11NioProtocol - Initializing ProtocolHandler ["http-nio-8080"]
13:50:59.893 logback [main] INFO  o.a.catalina.core.StandardService - Starting service [Tomcat]
13:50:59.893 logback [main] INFO  o.a.catalina.core.StandardEngine - Starting Servlet Engine: Apache Tomcat/9.0.13
13:50:59.899 logback [main] INFO  o.a.c.core.AprLifecycleListener - The APR based Apache Tomcat Native library which allows optimal performance in production environments was not found on the java.library.path: [C:\Program Files\Java\jdk1.8.0_191\bin;C:\Windows\Sun\Java\bin;C:\Windows\system32;C:\Windows;E:\app\14649\product\11.2.0\dbhome_1\bin;C:\Program Files (x86)\Common Files\Oracle\Java\javapath;C:\Program Files (x86)\Intel\Intel(R) Management Engine Components\iCLS\;C:\Program Files\Intel\Intel(R) Management Engine Components\iCLS\;C:\Windows\system32;C:\Windows;C:\Windows\System32\Wbem;C:\Windows\System32\WindowsPowerShell\v1.0\;C:\Windows\System32\OpenSSH\;C:\Program Files (x86)\Intel\Intel(R) Management Engine Components\DAL;C:\Program Files\Intel\Intel(R) Management Engine Components\DAL;C:\Program Files (x86)\Intel\Intel(R) Management Engine Components\IPT;C:\Program Files\Intel\Intel(R) Management Engine Components\IPT;"D:\TrackAO\jdk1.6\bin;D:\TrackAO\jdk1.6\jre\bin";D:\developUtil\maven\apache-maven-3.5.4\bin;"D:\developUtil\tomcat8\apache-tomcat-8.5.34\lib;D:\developUtil\tomcat8\apache-tomcat-8.5.34\bin";D:\developUtil\Git\cmd;D:\developUtil\cvsnt;D:\developUtil\node.js\;C:\Users\14649\AppData\Local\Microsoft\WindowsApps;D:\developUtil\node.js\node_global;C:\Users\14649\AppData\Local\GitHubDesktop\bin;.]
13:51:00.018 logback [main] INFO  o.a.c.c.C.[Tomcat].[localhost].[/] - Initializing Spring embedded WebApplicationContext
13:51:00.018 logback [main] INFO  o.s.web.context.ContextLoader - Root WebApplicationContext: initialization completed in 1352 ms
13:51:00.102 logback [main] INFO  c.a.d.s.b.a.DruidDataSourceAutoConfigure - Init DruidDataSource
13:51:02.072 logback [main] INFO  c.alibaba.druid.pool.DruidDataSource - {dataSource-1} inited
13:51:02.701 logback [main] INFO  o.s.s.c.ThreadPoolTaskExecutor - Initializing ExecutorService 'applicationTaskExecutor'
13:51:02.891 logback [main] INFO  o.a.coyote.http11.Http11NioProtocol - Starting ProtocolHandler ["http-nio-8080"]
13:51:02.900 logback [main] INFO  o.a.tomcat.util.net.NioSelectorPool - Using a shared selector for servlet write/read
13:51:02.914 logback [main] INFO  o.s.b.w.e.tomcat.TomcatWebServer - Tomcat started on port(s): 8080 (http) with context path ''
13:51:08.147 logback [http-nio-8080-exec-1] INFO  o.a.c.c.C.[Tomcat].[localhost].[/] - Initializing Spring DispatcherServlet 'dispatcherServlet'
13:51:08.147 logback [http-nio-8080-exec-1] INFO  o.s.web.servlet.DispatcherServlet - Initializing Servlet 'dispatcherServlet'
13:51:08.153 logback [http-nio-8080-exec-1] INFO  o.s.web.servlet.DispatcherServlet - Completed initialization in 6 ms
